TN:
SF:script/SupportsDODO.s.sol
FN:9,SupportsDODOScript.run
FNDA:0,SupportsDODOScript.run
DA:10,0
DA:11,0
DA:12,0
DA:17,0
DA:18,0
FNF:1
FNH:0
LF:5
LH:0
BRF:0
BRH:0
end_of_record
TN:
SF:script/deployChainLinkExpand.s.sol
FN:10,ChainLinkMockScript.run
FNDA:0,ChainLinkMockScript.run
DA:11,0
DA:12,0
DA:13,0
DA:14,0
DA:15,0
FNF:1
FNH:0
LF:5
LH:0
BRF:0
BRH:0
end_of_record
TN:
SF:script/deployFlashRepay.s.sol
FN:10,FlashRepayScript.run
FNDA:0,FlashRepayScript.run
DA:11,0
DA:12,0
DA:13,0
DA:22,0
DA:23,0
FNF:1
FNH:0
LF:5
LH:0
BRF:0
BRH:0
end_of_record
TN:
SF:script/deployJOJOOracleAdaptor.s.sol
FN:9,JOJOOracleAdaptorScript.run
FNDA:0,JOJOOracleAdaptorScript.run
DA:10,0
DA:11,0
DA:12,0
DA:16,0
DA:17,0
FNF:1
FNH:0
LF:5
LH:0
BRF:0
BRH:0
end_of_record
TN:
SF:script/deployTestERC20Token.s.sol
FN:9,WETHScript.run
FNDA:0,WETHScript.run
DA:10,0
DA:11,0
DA:12,0
DA:13,0
DA:14,0
FNF:1
FNH:0
LF:5
LH:0
BRF:0
BRH:0
end_of_record
TN:
SF:script/deployUSDO.s.sol
FN:9,USDOScript.run
FNDA:0,USDOScript.run
DA:10,0
DA:11,0
DA:12,0
DA:13,0
DA:14,0
FNF:1
FNH:0
LF:5
LH:0
BRF:0
BRH:0
end_of_record
TN:
SF:script/deployUSDOBank.s.sol
FN:10,USDOBankScript.run
FNDA:0,USDOBankScript.run
DA:11,0
DA:12,0
DA:13,0
DA:30,0
DA:31,0
FNF:1
FNH:0
LF:5
LH:0
BRF:0
BRH:0
end_of_record
TN:
SF:script/deployUSDOExchange.s.sol
FN:10,USDOExchangeScript.run
FNDA:0,USDOExchangeScript.run
DA:11,0
DA:12,0
DA:13,0
DA:18,0
DA:19,0
FNF:1
FNH:0
LF:5
LH:0
BRF:0
BRH:0
end_of_record
TN:
SF:src/Impl/FlashLoanLiquidate.sol
FN:40,FlashLoanLiquidate.JOJOFlashLoan
FNDA:5,FlashLoanLiquidate.JOJOFlashLoan
DA:42,5
DA:43,5
DA:44,5
DA:45,5
DA:46,5
DA:47,5
BRDA:47,0,0,1
BRDA:47,0,1,4
DA:56,4
DA:58,4
DA:59,4
DA:60,4
DA:61,4
DA:64,4
DA:66,4
BRDA:66,1,0,-
BRDA:66,1,1,2
DA:67,2
DA:70,4
FNF:1
FNH:1
LF:15
LH:15
BRF:4
BRH:3
end_of_record
TN:
SF:src/Impl/FlashLoanRepay.sol
FN:30,FlashLoanRepay.JOJOFlashLoan
FNDA:6,FlashLoanRepay.JOJOFlashLoan
DA:31,6
DA:32,6
DA:33,6
DA:34,6
BRDA:34,0,0,1
BRDA:34,0,1,5
DA:42,5
DA:43,5
DA:45,5
DA:46,5
BRDA:46,1,0,1
BRDA:46,1,1,3
DA:47,4
DA:48,4
DA:50,1
DA:51,1
DA:52,1
DA:53,1
DA:56,4
DA:57,4
FNF:1
FNH:1
LF:16
LH:16
BRF:4
BRH:4
end_of_record
TN:
SF:src/Impl/JOJOOracleAdaptor.sol
FN:22,JOJOOracleAdaptor.getAssetPrice
FNDA:142,JOJOOracleAdaptor.getAssetPrice
DA:24,142
DA:32,142
DA:33,142
FNF:1
FNH:1
LF:3
LH:3
BRF:0
BRH:0
end_of_record
TN:
SF:src/Impl/USDOBank.sol
FN:69,USDOBank.deposit
FNDA:80,USDOBank.deposit
DA:75,80
DA:76,80
DA:78,80
FN:81,USDOBank.borrow
FNDA:49,USDOBank.borrow
DA:83,49
DA:84,49
DA:85,46
BRDA:85,0,0,2
BRDA:85,0,1,44
FN:88,USDOBank.repay
FNDA:21,USDOBank.repay
DA:89,21
DA:90,21
DA:91,21
FN:94,USDOBank.withdraw
FNDA:18,USDOBank.withdraw
DA:95,18
DA:96,18
DA:97,15
DA:98,15
BRDA:98,1,0,2
BRDA:98,1,1,13
FN:101,USDOBank.liquidate
FNDA:13,USDOBank.liquidate
DA:114,13
DA:115,13
DA:116,13
DA:117,13
BRDA:117,2,0,1
BRDA:117,2,1,12
DA:119,12
DA:120,9
BRDA:120,3,0,1
BRDA:120,3,1,8
DA:122,8
DA:125,7
BRDA:125,4,0,1
BRDA:125,4,1,6
DA:129,6
BRDA:129,5,0,1
BRDA:129,5,1,5
DA:133,5
BRDA:133,6,0,1
BRDA:133,6,1,4
DA:137,4
DA:147,4
BRDA:147,7,0,3
BRDA:147,7,1,4
DA:148,3
FN:152,USDOBank.handleDebt
FNDA:1,USDOBank.handleDebt
DA:153,1
DA:154,1
FN:158,USDOBank.flashLoan
FNDA:12,USDOBank.flashLoan
DA:165,11
DA:166,11
DA:168,9
DA:169,6
BRDA:169,8,0,1
BRDA:169,8,1,5
DA:170,5
FN:173,USDOBank._deposit
FNDA:80,USDOBank._deposit
DA:181,80
BRDA:181,9,0,1
BRDA:181,9,1,79
DA:182,79
BRDA:182,10,0,1
BRDA:182,10,1,78
DA:183,78
DA:184,77
BRDA:184,11,0,74
BRDA:184,11,1,77
DA:185,74
DA:187,77
DA:188,77
DA:189,77
BRDA:189,12,0,1
BRDA:189,12,1,76
DA:193,76
BRDA:193,13,0,1
BRDA:193,13,1,75
DA:196,75
FN:200,USDOBank._borrow
FNDA:49,USDOBank._borrow
DA:207,49
DA:209,49
DA:210,49
DA:211,49
DA:212,49
DA:213,49
BRDA:213,14,0,1
BRDA:213,14,1,1
DA:214,2
DA:215,2
DA:217,47
DA:220,48
BRDA:220,15,0,1
BRDA:220,15,1,47
DA:225,47
BRDA:225,16,0,1
BRDA:225,16,1,46
DA:228,46
FN:231,USDOBank._repay
FNDA:21,USDOBank._repay
DA:238,21
BRDA:238,17,0,1
BRDA:238,17,1,20
DA:239,20
DA:240,20
DA:241,20
DA:242,20
BRDA:242,18,0,11
BRDA:242,18,1,9
DA:243,11
DA:244,11
DA:246,9
DA:247,9
DA:249,20
DA:250,20
DA:251,20
DA:252,20
DA:253,20
DA:254,20
FN:257,USDOBank._withdraw
FNDA:37,USDOBank._withdraw
DA:258,37
DA:259,37
DA:260,37
BRDA:260,19,0,2
BRDA:260,19,1,35
DA:261,35
BRDA:261,20,0,2
BRDA:261,20,1,33
DA:262,33
BRDA:262,21,0,1
BRDA:262,21,1,1
DA:263,2
DA:264,2
DA:265,2
DA:266,2
BRDA:266,22,0,1
BRDA:266,22,1,1
DA:271,31
DA:272,31
DA:273,31
DA:274,31
DA:276,32
BRDA:276,23,0,17
BRDA:276,23,1,32
DA:277,17
FN:287,USDOBank._calculateLiquidateAmount
FNDA:12,USDOBank._calculateLiquidateAmount
DA:292,12
DA:293,12
BRDA:293,24,0,1
BRDA:293,24,1,11
DA:294,11
BRDA:294,25,0,1
BRDA:294,25,1,10
DA:295,10
DA:296,10
BRDA:296,26,0,1
BRDA:296,26,1,9
DA:297,9
DA:298,9
DA:299,9
DA:300,9
DA:301,9
DA:302,9
DA:309,9
BRDA:309,27,0,2
BRDA:309,27,1,7
DA:310,2
DA:311,2
DA:312,2
DA:313,2
DA:321,7
DA:323,7
DA:326,7
DA:327,7
DA:330,9
FN:333,USDOBank._removeCollateral
FNDA:17,USDOBank._removeCollateral
DA:334,17
DA:335,17
DA:336,19
BRDA:336,28,0,-
BRDA:336,28,1,17
DA:337,17
DA:338,17
DA:339,17
FN:345,USDOBank._settleCollateralAndUSDO
FNDA:0,USDOBank._settleCollateralAndUSDO
FN:352,USDOBank._afterLiquidateOperation
FNDA:8,USDOBank._afterLiquidateOperation
DA:359,8
DA:360,8
DA:361,8
DA:362,8
FN:367,USDOBank._handleBadDebt
FNDA:4,USDOBank._handleBadDebt
DA:368,4
DA:369,4
DA:370,4
BRDA:370,29,0,1
BRDA:370,29,1,4
DA:371,1
DA:372,1
DA:373,1
DA:374,1
DA:375,1
DA:376,1
DA:377,1
FNF:16
FNH:15
LF:126
LH:126
BRF:60
BRH:59
end_of_record
TN:
SF:src/Impl/USDOBankStorage.sol
FN:49,USDOBankStorage.getTRate
FNDA:4,USDOBankStorage.getTRate
DA:50,219
DA:51,219
FNF:1
FNH:1
LF:2
LH:2
BRF:0
BRH:0
end_of_record
TN:
SF:src/Impl/USDOExchange.sol
FN:34,USDOExchange.closeExchange
FNDA:2,USDOExchange.closeExchange
DA:35,2
FN:38,USDOExchange.openExchange
FNDA:1,USDOExchange.openExchange
DA:39,1
FN:42,USDOExchange.buyUSDO
FNDA:15,USDOExchange.buyUSDO
DA:43,15
BRDA:43,0,0,2
BRDA:43,0,1,13
DA:44,13
DA:45,13
DA:47,13
FNF:3
FNH:3
LF:6
LH:6
BRF:2
BRH:2
end_of_record
TN:
SF:src/Impl/USDOMulticall.sol
FN:13,USDOMulticall.multiCall
FNDA:3,USDOMulticall.multiCall
DA:14,3
DA:16,3
DA:17,5
DA:18,5
BRDA:18,0,0,1
BRDA:18,0,1,4
DA:26,4
FN:31,USDOMulticall.getMulticallData
FNDA:1,USDOMulticall.getMulticallData
DA:32,1
FN:35,USDOMulticall.getDepositData
FNDA:4,USDOMulticall.getDepositData
DA:41,4
FN:44,USDOMulticall.getBorrowData
FNDA:4,USDOMulticall.getBorrowData
DA:45,4
FN:48,USDOMulticall.getRepayData
FNDA:1,USDOMulticall.getRepayData
DA:49,1
FN:52,USDOMulticall.getWithdrawData
FNDA:2,USDOMulticall.getWithdrawData
DA:58,2
FNF:6
FNH:6
LF:10
LH:10
BRF:2
BRH:2
end_of_record
TN:
SF:src/Impl/USDOOperation.sol
FN:43,USDOOperation.initReserve
FNDA:4,USDOOperation.initReserve
DA:54,4
BRDA:54,0,0,1
BRDA:54,0,1,3
DA:59,3
DA:60,3
DA:61,3
DA:62,3
DA:63,3
DA:64,3
DA:65,3
DA:66,3
DA:67,3
DA:68,3
DA:69,3
FN:72,USDOOperation._addReserve
FNDA:3,USDOOperation._addReserve
DA:73,3
BRDA:73,1,0,1
BRDA:73,1,1,2
DA:74,2
DA:75,2
FN:79,USDOOperation.updateMaxBorrowAmount
FNDA:4,USDOOperation.updateMaxBorrowAmount
DA:83,4
DA:84,4
DA:85,4
FN:89,USDOOperation.updateInsurance
FNDA:1,USDOOperation.updateInsurance
DA:90,1
DA:91,1
FN:95,USDOOperation.updateJOJODealer
FNDA:2,USDOOperation.updateJOJODealer
DA:96,2
DA:97,2
FN:101,USDOOperation.updateOracle
FNDA:12,USDOOperation.updateOracle
DA:102,12
DA:103,12
DA:104,12
FN:107,USDOOperation.updateMaxReservesAmount
FNDA:1,USDOOperation.updateMaxReservesAmount
DA:108,1
DA:109,1
FN:112,USDOOperation.updatePrimaryAsset
FNDA:1,USDOOperation.updatePrimaryAsset
DA:113,1
DA:114,1
FN:119,USDOOperation.updateBorrowFeeRate
FNDA:1,USDOOperation.updateBorrowFeeRate
DA:120,1
DA:121,1
DA:122,1
DA:123,1
FN:127,USDOOperation.updateRiskParam
FNDA:1,USDOOperation.updateRiskParam
DA:133,1
BRDA:133,2,0,-
BRDA:133,2,1,1
DA:138,1
DA:139,1
DA:140,1
DA:141,1
FN:145,USDOOperation.updateReserveParam
FNDA:5,USDOOperation.updateReserveParam
DA:152,5
DA:153,5
DA:154,5
DA:155,5
DA:156,5
FN:163,USDOOperation.delistReserve
FNDA:3,USDOOperation.delistReserve
DA:164,3
DA:165,3
DA:166,3
DA:167,3
DA:168,3
FN:172,USDOOperation.relistReserve
FNDA:1,USDOOperation.relistReserve
DA:173,1
DA:174,1
DA:175,1
DA:176,1
DA:177,1
FN:181,USDOOperation.setOperator
FNDA:1,USDOOperation.setOperator
DA:182,1
DA:183,1
FNF:14
FNH:14
LF:55
LH:55
BRF:6
BRH:5
end_of_record
TN:
SF:src/Impl/USDOView.sol
FN:14,USDOView.getReservesList
FNDA:1,USDOView.getReservesList
DA:15,1
FN:18,USDOView.getDepositMaxMintAmount
FNDA:3,USDOView.getDepositMaxMintAmount
DA:19,3
DA:20,3
FN:23,USDOView.getCollateralMaxMintAmount
FNDA:1,USDOView.getCollateralMaxMintAmount
DA:24,1
DA:25,1
FN:28,USDOView.getMaxWithdrawAmount
FNDA:10,USDOView.getMaxWithdrawAmount
DA:29,10
DA:30,10
DA:31,10
BRDA:31,0,0,2
BRDA:31,0,1,8
DA:32,2
DA:34,8
DA:35,8
BRDA:35,1,0,1
BRDA:35,1,1,7
DA:36,1
DA:38,7
DA:39,7
DA:42,7
FN:48,USDOView.isAccountSafe
FNDA:2,USDOView.isAccountSafe
DA:49,2
DA:50,2
FN:53,USDOView.getCollateralPrice
FNDA:1,USDOView.getCollateralPrice
DA:54,1
FN:57,USDOView.getIfHasCollateral
FNDA:1,USDOView.getIfHasCollateral
DA:58,1
FN:61,USDOView.getDepositBalance
FNDA:24,USDOView.getDepositBalance
DA:62,24
FN:65,USDOView.getBorrowBalance
FNDA:40,USDOView.getBorrowBalance
DA:66,40
FN:69,USDOView.getUserCollateralList
FNDA:1,USDOView.getUserCollateralList
DA:70,1
FN:73,USDOView.getFee
FNDA:11,USDOView.getFee
DA:75,11
DA:77,11
FN:80,USDOView.getTotalBorrow
FNDA:1,USDOView.getTotalBorrow
DA:81,1
FN:84,USDOView.getTotalRepay
FNDA:1,USDOView.getTotalRepay
DA:85,1
FN:89,USDOView._getMintAmount
FNDA:95,USDOView._getMintAmount
DA:95,95
DA:96,95
BRDA:96,2,0,16
BRDA:96,2,1,95
DA:97,16
DA:99,95
FN:105,USDOView._isAccountSafe
FNDA:67,USDOView._isAccountSafe
DA:106,67
FN:109,USDOView._maxWithdrawAmount
FNDA:8,USDOView._maxWithdrawAmount
DA:110,8
DA:111,8
DA:112,8
DA:113,13
DA:114,13
DA:115,13
BRDA:115,3,0,1
BRDA:115,3,1,12
DA:116,1
DA:118,12
DA:121,8
FN:124,USDOView._maxMintAmount
FNDA:70,USDOView._maxMintAmount
DA:125,70
DA:126,70
DA:127,70
DA:128,84
DA:129,84
DA:130,84
BRDA:130,4,0,1
BRDA:130,4,1,83
DA:131,1
DA:133,83
DA:137,70
FN:143,USDOView._isStartLiquidation
FNDA:16,USDOView._isStartLiquidation
DA:147,16
DA:148,16
DA:149,16
DA:150,16
DA:151,12
DA:152,12
DA:153,12
BRDA:153,5,0,1
BRDA:153,5,1,11
DA:154,1
DA:156,11
DA:163,16
FNF:18
FNH:18
LF:59
LH:59
BRF:12
BRH:12
end_of_record
TN:
SF:src/lib/DecimalMath.sol
FN:10,DecimalMath.decimalMul
FNDA:1,DecimalMath.decimalMul
DA:11,1
FN:14,DecimalMath.decimalDiv
FNDA:1,DecimalMath.decimalDiv
DA:15,1
FN:18,DecimalMath.decimalRemainder
FNDA:2,DecimalMath.decimalRemainder
DA:19,2
BRDA:19,0,0,1
BRDA:19,0,1,1
DA:20,1
DA:22,1
FNF:3
FNH:3
LF:5
LH:5
BRF:2
BRH:2
end_of_record
TN:
SF:src/support/SupportChainLink.sol
FN:13,SupportChainLink.setAssetPrice
FNDA:1,SupportChainLink.setAssetPrice
DA:14,1
DA:15,1
DA:16,1
DA:17,1
FN:20,SupportChainLink.getAssetPrice
FNDA:1,SupportChainLink.getAssetPrice
DA:21,1
FNF:2
FNH:2
LF:5
LH:5
BRF:0
BRH:0
end_of_record
TN:
SF:src/support/SupportsDODO.sol
FN:16,SupportsDODO.addTokenPrice
FNDA:11,SupportsDODO.addTokenPrice
DA:17,11
FN:20,SupportsDODO.swap
FNDA:15,SupportsDODO.swap
DA:21,15
DA:22,15
DA:23,15
FN:26,SupportsDODO.getSwapData
FNDA:12,SupportsDODO.getSwapData
DA:27,12
FNF:3
FNH:3
LF:5
LH:5
BRF:0
BRH:0
end_of_record
TN:
SF:src/token/USDO.sol
FN:19,USDO.decimals
FNDA:2,USDO.decimals
DA:20,2
FN:23,USDO.mint
FNDA:13,USDO.mint
DA:24,13
FN:27,USDO.burn
FNDA:1,USDO.burn
DA:28,1
FNF:3
FNH:3
LF:3
LH:3
BRF:0
BRH:0
end_of_record
TN:
SF:test/Impl/Decimal.t.sol
FN:8,LibHelper.mul
FNDA:1,LibHelper.mul
DA:9,1
DA:10,1
FN:13,LibHelper.div
FNDA:1,LibHelper.div
DA:14,1
DA:15,1
FN:18,LibHelper.remainder
FNDA:2,LibHelper.remainder
DA:19,2
DA:20,2
FNF:3
FNH:3
LF:6
LH:6
BRF:0
BRH:0
end_of_record
TN:
SF:test/mocks/MockChainLink.t.sol
FN:6,MockChainLink.decimals
FNDA:0,MockChainLink.decimals
DA:7,0
FN:10,MockChainLink.description
FNDA:0,MockChainLink.description
DA:11,0
FN:14,MockChainLink.version
FNDA:0,MockChainLink.version
DA:15,0
FN:21,MockChainLink.getRoundData
FNDA:0,MockChainLink.getRoundData
DA:26,0
FN:29,MockChainLink.latestRoundData
FNDA:116,MockChainLink.latestRoundData
DA:34,116
FNF:5
FNH:1
LF:5
LH:1
BRF:0
BRH:0
end_of_record
TN:
SF:test/mocks/MockChainLink2.sol
FN:6,MockChainLink2.decimals
FNDA:0,MockChainLink2.decimals
DA:7,0
FN:10,MockChainLink2.description
FNDA:0,MockChainLink2.description
DA:11,0
FN:14,MockChainLink2.version
FNDA:0,MockChainLink2.version
DA:15,0
FN:21,MockChainLink2.getRoundData
FNDA:0,MockChainLink2.getRoundData
DA:26,0
FN:29,MockChainLink2.latestRoundData
FNDA:26,MockChainLink2.latestRoundData
DA:34,26
FNF:5
FNH:1
LF:5
LH:1
BRF:0
BRH:0
end_of_record
TN:
SF:test/mocks/MockChainLink500.sol
FN:6,MockChainLink500.decimals
FNDA:0,MockChainLink500.decimals
DA:7,0
FN:10,MockChainLink500.description
FNDA:0,MockChainLink500.description
DA:11,0
FN:14,MockChainLink500.version
FNDA:0,MockChainLink500.version
DA:15,0
FN:21,MockChainLink500.getRoundData
FNDA:0,MockChainLink500.getRoundData
DA:26,0
FN:29,MockChainLink500.latestRoundData
FNDA:0,MockChainLink500.latestRoundData
DA:34,0
FNF:5
FNH:0
LF:5
LH:0
BRF:0
BRH:0
end_of_record
TN:
SF:test/mocks/MockChainLink900.sol
FN:6,MockChainLink900.decimals
FNDA:0,MockChainLink900.decimals
DA:7,0
FN:10,MockChainLink900.description
FNDA:0,MockChainLink900.description
DA:11,0
FN:14,MockChainLink900.version
FNDA:0,MockChainLink900.version
DA:15,0
FN:21,MockChainLink900.getRoundData
FNDA:0,MockChainLink900.getRoundData
DA:26,0
FN:29,MockChainLink900.latestRoundData
FNDA:0,MockChainLink900.latestRoundData
DA:34,0
FNF:5
FNH:0
LF:5
LH:0
BRF:0
BRH:0
end_of_record
TN:
SF:test/mocks/MockChainLinkBadDebt.sol
FN:6,MockChainLinkBadDebt.decimals
FNDA:0,MockChainLinkBadDebt.decimals
DA:7,0
FN:10,MockChainLinkBadDebt.description
FNDA:0,MockChainLinkBadDebt.description
DA:11,0
FN:14,MockChainLinkBadDebt.version
FNDA:0,MockChainLinkBadDebt.version
DA:15,0
FN:21,MockChainLinkBadDebt.getRoundData
FNDA:0,MockChainLinkBadDebt.getRoundData
DA:26,0
FN:29,MockChainLinkBadDebt.latestRoundData
FNDA:0,MockChainLinkBadDebt.latestRoundData
DA:34,0
FNF:5
FNH:0
LF:5
LH:0
BRF:0
BRH:0
end_of_record
TN:
SF:test/mocks/MockFlashloan.sol
FN:13,MockFlashloan.JOJOFlashLoan
FNDA:1,MockFlashloan.JOJOFlashLoan
DA:14,1
DA:15,1
DA:16,1
DA:17,1
DA:19,1
FNF:1
FNH:1
LF:5
LH:5
BRF:0
BRH:0
end_of_record
TN:
SF:test/mocks/MockFlashloan2.sol
FN:13,MockFlashloan2.JOJOFlashLoan
FNDA:1,MockFlashloan2.JOJOFlashLoan
DA:14,1
FNF:1
FNH:1
LF:1
LH:1
BRF:0
BRH:0
end_of_record
TN:
SF:test/mocks/MockFlashloan3.sol
FN:14,MockFlashloan3.JOJOFlashLoan
FNDA:1,MockFlashloan3.JOJOFlashLoan
DA:15,1
DA:16,1
DA:17,1
DA:18,1
DA:20,1
DA:21,1
DA:22,1
FNF:1
FNH:1
LF:7
LH:7
BRF:0
BRH:0
end_of_record
TN:
SF:test/mocks/MockJOJODealer.sol
FN:5,MockJOJODealer.deposit
FNDA:1,MockJOJODealer.deposit
FNF:1
FNH:1
LF:0
LH:0
BRF:0
BRH:0
end_of_record
TN:
SF:test/mocks/MockJOJODealerRevert.sol
FN:5,MockJOJODealerRevert.deposit
FNDA:1,MockJOJODealerRevert.deposit
DA:6,1
BRDA:6,0,0,1
BRDA:6,0,1,-
FNF:1
FNH:1
LF:1
LH:1
BRF:2
BRH:1
end_of_record
TN:
SF:test/mocks/MockWrongLiquidateFlashloan.sol
FN:89,LiquidateCollateralInsuranceNotEnough.JOJOFlashLoan
FNDA:1,LiquidateCollateralInsuranceNotEnough.JOJOFlashLoan
DA:91,1
DA:92,1
DA:93,1
DA:94,1
DA:95,1
DA:96,1
BRDA:96,0,0,-
BRDA:96,0,1,1
DA:105,1
DA:106,1
DA:107,1
DA:108,1
DA:111,1
DA:114,1
BRDA:114,1,0,-
BRDA:114,1,1,1
DA:115,1
FN:40,LiquidateCollateralRepayNotEnough.JOJOFlashLoan
FNDA:1,LiquidateCollateralRepayNotEnough.JOJOFlashLoan
DA:42,1
DA:43,1
DA:44,1
DA:45,1
DA:46,1
DA:47,1
BRDA:47,0,0,-
BRDA:47,0,1,1
DA:56,1
DA:57,1
DA:58,1
DA:59,1
FN:146,LiquidateCollateralLiquidatedNotEnough.JOJOFlashLoan
FNDA:1,LiquidateCollateralLiquidatedNotEnough.JOJOFlashLoan
DA:148,1
DA:149,1
DA:150,1
DA:151,1
DA:152,1
DA:153,1
BRDA:153,0,0,-
BRDA:153,0,1,1
DA:162,1
DA:163,1
DA:164,1
DA:165,1
DA:168,1
DA:171,1
BRDA:171,1,0,-
BRDA:171,1,1,1
DA:172,1
FNF:3
FNH:3
LF:36
LH:36
BRF:10
BRH:5
end_of_record
TN:
SF:test/mocks/TestERC20.sol
FN:19,TestERC20.decimals
FNDA:0,TestERC20.decimals
DA:20,0
FN:23,TestERC20.mint
FNDA:0,TestERC20.mint
DA:24,0
FNF:2
FNH:0
LF:2
LH:0
BRF:0
BRH:0
end_of_record
TN:
SF:test/utils/Utils.sol
FN:9,Utils.getNextUserAddress
FNDA:0,Utils.getNextUserAddress
DA:10,0
DA:11,0
DA:12,0
FN:16,Utils.createUsers
FNDA:0,Utils.createUsers
DA:17,0
DA:18,0
DA:19,0
DA:20,0
DA:21,0
DA:24,0
FN:28,Utils.mineBlocks
FNDA:0,Utils.mineBlocks
DA:29,0
DA:30,0
FNF:3
FNH:0
LF:11
LH:0
BRF:0
BRH:0
end_of_record
